app/build/intermediates/manifest_merge_blame_file/debug/manifest-merger-blame-debug-report.txt
1<?xml version="1.0" encoding="utf-8"?>
2<manifest xmlns:android="http://schemas.android.com/apk/res/android"
3    package="com.vedantlaheri.videon"
4    android:versionCode="5"
5    android:versionName="1.0.5" >
6
7    <uses-sdk
8        android:minSdkVersion="21"
8-->src\main\AndroidManifest.xml
9        android:targetSdkVersion="32" />
9-->src\main\AndroidManifest.xml
10
11    <!-- for online playing features -->
12    <uses-permission android:name="android.permission.READ_EXTERNAL_STORAGE" />
12-->src\main\AndroidManifest.xml:7:5-79
12-->src\main\AndroidManifest.xml:7:22-77
13    <uses-permission
13-->src\main\AndroidManifest.xml:8:5-9:38
14        android:name="android.permission.WRITE_EXTERNAL_STORAGE"
14-->src\main\AndroidManifest.xml:8:22-78
15        android:maxSdkVersion="28" />
15-->src\main\AndroidManifest.xml:9:9-35
16    <uses-permission android:name="android.permission.ACCESS_NETWORK_STATE" />
16-->[com.google.android.exoplayer:exoplayer-core:2.16.1] AndroidManifest.xml:24:5-79
16-->[com.google.android.exoplayer:exoplayer-core:2.16.1] AndroidManifest.xml:24:22-76
17
18    <application
18-->src\main\AndroidManifest.xml:11:5-57:19
19        android:allowBackup="true"
19-->src\main\AndroidManifest.xml:12:9-35
20        android:appComponentFactory="androidx.core.app.CoreComponentFactory"
20-->[androidx.core:core:1.7.0] AndroidManifest.xml:24:18-86
21        android:debuggable="true"
22        android:icon="@mipmap/ic_video_player"
22-->src\main\AndroidManifest.xml:13:9-47
23        android:label="@string/app_name"
23-->src\main\AndroidManifest.xml:14:9-41
24        android:requestLegacyExternalStorage="true"
24-->src\main\AndroidManifest.xml:15:9-52
25        android:roundIcon="@mipmap/ic_video_player_round"
25-->src\main\AndroidManifest.xml:16:9-58
26        android:supportsRtl="true"
26-->src\main\AndroidManifest.xml:17:9-35
27        android:theme="@style/Theme.VideoPlayer" >
27-->src\main\AndroidManifest.xml:18:9-49
28        <activity
28-->src\main\AndroidManifest.xml:20:9-24:55
29            android:name="com.vedantlaheri.videon.AboutActivity"
29-->src\main\AndroidManifest.xml:21:13-65
30            android:exported="false"
30-->src\main\AndroidManifest.xml:22:13-37
31            android:screenOrientation="portrait" />
31-->src\main\AndroidManifest.xml:23:13-49
32        <activity
32-->src\main\AndroidManifest.xml:25:9-40:20
33            android:name="com.vedantlaheri.videon.PlayerActivity"
33-->src\main\AndroidManifest.xml:26:13-66
34            android:configChanges="uiMode|orientation|screenSize|screenLayout|smallestScreenSize|keyboardHidden"
34-->src\main\AndroidManifest.xml:27:13-113
35            android:exported="true"
35-->src\main\AndroidManifest.xml:32:13-36
36            android:launchMode="singleTask"
36-->src\main\AndroidManifest.xml:28:13-44
37            android:resizeableActivity="true"
37-->src\main\AndroidManifest.xml:29:13-46
38            android:supportsPictureInPicture="true" >
38-->src\main\AndroidManifest.xml:30:13-52
39            <intent-filter>
39-->src\main\AndroidManifest.xml:34:13-38:29
40                <action android:name="android.intent.action.VIEW" />
40-->src\main\AndroidManifest.xml:35:17-68
40-->src\main\AndroidManifest.xml:35:25-66
41
42                <category android:name="android.intent.category.DEFAULT" />
42-->src\main\AndroidManifest.xml:36:17-75
42-->src\main\AndroidManifest.xml:36:27-73
43
44                <data
44-->src\main\AndroidManifest.xml:37:17-76
45                    android:mimeType="video/*"
45-->src\main\AndroidManifest.xml:37:23-49
46                    android:scheme="content" />
46-->src\main\AndroidManifest.xml:37:50-74
47            </intent-filter>
48        </activity>
49        <activity
49-->src\main\AndroidManifest.xml:41:9-44:56
50            android:name="com.vedantlaheri.videon.FoldersActivity"
50-->src\main\AndroidManifest.xml:42:13-67
51            android:screenOrientation="portrait" />
51-->src\main\AndroidManifest.xml:43:13-49
52        <activity
52-->src\main\AndroidManifest.xml:45:9-55:20
53            android:name="com.vedantlaheri.videon.MainActivity"
53-->src\main\AndroidManifest.xml:46:13-64
54            android:exported="true"
54-->src\main\AndroidManifest.xml:47:13-36
55            android:screenOrientation="portrait" >
55-->src\main\AndroidManifest.xml:48:13-49
56            <intent-filter>
56-->src\main\AndroidManifest.xml:50:13-54:29
57                <action android:name="android.intent.action.MAIN" />
57-->src\main\AndroidManifest.xml:51:17-69
57-->src\main\AndroidManifest.xml:51:25-66
58
59                <category android:name="android.intent.category.LAUNCHER" />
59-->src\main\AndroidManifest.xml:53:17-77
59-->src\main\AndroidManifest.xml:53:27-74
60            </intent-filter>
61        </activity>
62
63        <provider
63-->[androidx.emoji2:emoji2:1.0.0] AndroidManifest.xml:26:9-34:20
64            android:name="androidx.startup.InitializationProvider"
64-->[androidx.emoji2:emoji2:1.0.0] AndroidManifest.xml:27:13-67
65            android:authorities="com.vedantlaheri.videon.androidx-startup"
65-->[androidx.emoji2:emoji2:1.0.0] AndroidManifest.xml:28:13-68
66            android:exported="false" >
66-->[androidx.emoji2:emoji2:1.0.0] AndroidManifest.xml:29:13-37
67            <meta-data
67-->[androidx.emoji2:emoji2:1.0.0] AndroidManifest.xml:31:13-33:52
68                android:name="androidx.emoji2.text.EmojiCompatInitializer"
68-->[androidx.emoji2:emoji2:1.0.0] AndroidManifest.xml:32:17-75
69                android:value="androidx.startup" />
69-->[androidx.emoji2:emoji2:1.0.0] AndroidManifest.xml:33:17-49
70            <meta-data
70-->[androidx.lifecycle:lifecycle-process:2.4.0] AndroidManifest.xml:31:13-33:52
71                android:name="androidx.lifecycle.ProcessLifecycleInitializer"
71-->[androidx.lifecycle:lifecycle-process:2.4.0] AndroidManifest.xml:32:17-78
72                android:value="androidx.startup" />
72-->[androidx.lifecycle:lifecycle-process:2.4.0] AndroidManifest.xml:33:17-49
73        </provider>
74    </application>
75
76</manifest>